<?xml version="1.0" encoding="UTF-8"?>
<testng-results ignored="0" total="1" passed="1" failed="0" skipped="0">
  <reporter-output>
  </reporter-output>
  <suite started-at="2022-09-26T14:17:34 CAT" name="Default suite" finished-at="2022-09-26T14:17:55 CAT" duration-ms="21217">
    <groups>
    </groups>
    <test started-at="2022-09-26T14:17:34 CAT" name="Default test" finished-at="2022-09-26T14:17:55 CAT" duration-ms="21217">
      <class name="applicationpages.BaseUITest">
        <test-method is-config="true" signature="beforeMethod()[pri:0, instance:applicationpages.BaseUITest@101952da]" started-at="2022-09-26T14:17:34 CAT" name="beforeMethod" finished-at="2022-09-26T14:17:38 CAT" duration-ms="3225" status="PASS">
          <reporter-output>
          </reporter-output>
        </test-method> <!-- beforeMethod -->
        <test-method signature="scenario1()[pri:0, instance:applicationpages.BaseUITest@101952da]" started-at="2022-09-26T14:17:38 CAT" name="scenario1" finished-at="2022-09-26T14:17:54 CAT" duration-ms="16561" status="PASS">
          <reporter-output>
          </reporter-output>
        </test-method> <!-- scenario1 -->
        <test-method is-config="true" signature="afterMethod()[pri:0, instance:applicationpages.BaseUITest@101952da]" started-at="2022-09-26T14:17:54 CAT" name="afterMethod" finished-at="2022-09-26T14:17:55 CAT" duration-ms="1346" status="PASS">
          <reporter-output>
          </reporter-output>
        </test-method> <!-- afterMethod -->
      </class> <!-- applicationpages.BaseUITest -->
    </test> <!-- Default test -->
  </suite> <!-- Default suite -->
</testng-results>
