<?xml version="1.0" encoding="UTF-8"?>
<testng-results ignored="0" total="1" passed="1" failed="0" skipped="0">
  <reporter-output>
  </reporter-output>
  <suite started-at="2022-09-25T18:48:52 CAT" name="Default suite" finished-at="2022-09-25T18:49:06 CAT" duration-ms="14100">
    <groups>
    </groups>
    <test started-at="2022-09-25T18:48:52 CAT" name="Default test" finished-at="2022-09-25T18:49:06 CAT" duration-ms="14100">
      <class name="com.test.APITest">
        <test-method signature="jsonIterateArr()[pri:0, instance:com.test.APITest@5f0fd5a0]" started-at="2022-09-25T18:48:52 CAT" name="jsonIterateArr" finished-at="2022-09-25T18:49:06 CAT" duration-ms="13884" status="PASS">
          <reporter-output>
          </reporter-output>
        </test-method> <!-- jsonIterateArr -->
      </class> <!-- com.test.APITest -->
    </test> <!-- Default test -->
  </suite> <!-- Default suite -->
</testng-results>
